C:\VS2012\CONSOLEAPPLICATION1\C语言\123\DEBUG\顺序查找扑克牌.OBJ
C:\VS2012\CONSOLEAPPLICATION1\C语言\123\DEBUG\VC110.PDB
C:\VS2012\CONSOLEAPPLICATION1\C语言\123\DEBUG\123.ILK
C:\VS2012\CONSOLEAPPLICATION1\C语言\123\DEBUG\123.EXE
C:\VS2012\CONSOLEAPPLICATION1\C语言\123\DEBUG\123.PDB
C:\vs2012\ConsoleApplication1\C语言\123\Debug\顺序查找扑克牌.obj
C:\vs2012\ConsoleApplication1\C语言\123\Debug\123.ilk
C:\vs2012\ConsoleApplication1\C语言\123\Debug\cl.command.1.tlog
C:\vs2012\ConsoleApplication1\C语言\123\Debug\CL.read.1.tlog
C:\vs2012\ConsoleApplication1\C语言\123\Debug\CL.write.1.tlog
C:\vs2012\ConsoleApplication1\C语言\123\Debug\link-cvtres.read.1.tlog
C:\vs2012\ConsoleApplication1\C语言\123\Debug\link-cvtres.write.1.tlog
C:\vs2012\ConsoleApplication1\C语言\123\Debug\link-rc.read.1.tlog
C:\vs2012\ConsoleApplication1\C语言\123\Debug\link-rc.write.1.tlog
C:\vs2012\ConsoleApplication1\C语言\123\Debug\link.command.1.tlog
C:\vs2012\ConsoleApplication1\C语言\123\Debug\link.read.1.tlog
C:\vs2012\ConsoleApplication1\C语言\123\Debug\link.write.1.tlog
C:\vs2012\ConsoleApplication1\C语言\123\Debug\vc110.idb
C:\vs2012\ConsoleApplication1\C语言\123\Debug\123.pdb
C:\vs2012\ConsoleApplication1\C语言\123\Debug\vc110.pdb
C:\vs2012\ConsoleApplication1\C语言\123\Debug\123.exe
