生成启动时间为 2021/7/3 17:31:24。
     1>项目“C:\vs2012\ConsoleApplication1\C语言\ConsoleApplication1\ConsoleApplication1.vcxproj”在节点 2 上(Build 个目标)。
     1>ClCompile:
         C:\vs2012\VC\bin\CL.exe /c /ZI /nologo /W3 /WX- /Od /Oy- /D WIN32 /D _DEBUG /D _CONSOLE /D _UNICODE /D UNICODE /Gm /EHsc /RTC1 /MDd /GS /fp:precise /Zc:wchar_t /Zc:forScope /Fo"Debug\\" /Fd"Debug\vc110.pdb" /Gd /TP /analyze- /errorReport:prompt main.cpp
         main.cpp
     1>c:\vs2012\consoleapplication1\c语言\consoleapplication1\main.cpp(57): warning C4996: 'scanf': This function or variable may be unsafe. Consider using scanf_s instead. To disable deprecation, use _CRT_SECURE_NO_WARNINGS. See online help for details.
                 c:\vs2012\vc\include\stdio.h(290) : 参见“scanf”的声明
     1>c:\vs2012\consoleapplication1\c语言\consoleapplication1\main.cpp(88): warning C4996: 'scanf': This function or variable may be unsafe. Consider using scanf_s instead. To disable deprecation, use _CRT_SECURE_NO_WARNINGS. See online help for details.
                 c:\vs2012\vc\include\stdio.h(290) : 参见“scanf”的声明
     1>c:\vs2012\consoleapplication1\c语言\consoleapplication1\main.cpp(95): warning C4996: 'scanf': This function or variable may be unsafe. Consider using scanf_s instead. To disable deprecation, use _CRT_SECURE_NO_WARNINGS. See online help for details.
                 c:\vs2012\vc\include\stdio.h(290) : 参见“scanf”的声明
     1>c:\vs2012\consoleapplication1\c语言\consoleapplication1\main.cpp(98): warning C4996: 'scanf': This function or variable may be unsafe. Consider using scanf_s instead. To disable deprecation, use _CRT_SECURE_NO_WARNINGS. See online help for details.
                 c:\vs2012\vc\include\stdio.h(290) : 参见“scanf”的声明
     1>c:\vs2012\consoleapplication1\c语言\consoleapplication1\main.cpp(86): warning C4101: “cal”: 未引用的局部变量
     1>c:\vs2012\consoleapplication1\c语言\consoleapplication1\main.cpp(108): warning C4996: 'scanf': This function or variable may be unsafe. Consider using scanf_s instead. To disable deprecation, use _CRT_SECURE_NO_WARNINGS. See online help for details.
                 c:\vs2012\vc\include\stdio.h(290) : 参见“scanf”的声明
     1>c:\vs2012\consoleapplication1\c语言\consoleapplication1\main.cpp(115): warning C4996: 'scanf': This function or variable may be unsafe. Consider using scanf_s instead. To disable deprecation, use _CRT_SECURE_NO_WARNINGS. See online help for details.
                 c:\vs2012\vc\include\stdio.h(290) : 参见“scanf”的声明
     1>c:\vs2012\consoleapplication1\c语言\consoleapplication1\main.cpp(118): warning C4996: 'scanf': This function or variable may be unsafe. Consider using scanf_s instead. To disable deprecation, use _CRT_SECURE_NO_WARNINGS. See online help for details.
                 c:\vs2012\vc\include\stdio.h(290) : 参见“scanf”的声明
     1>c:\vs2012\consoleapplication1\c语言\consoleapplication1\main.cpp(105): warning C4101: “starttime”: 未引用的局部变量
     1>c:\vs2012\consoleapplication1\c语言\consoleapplication1\main.cpp(106): warning C4101: “cal”: 未引用的局部变量
     1>c:\vs2012\consoleapplication1\c语言\consoleapplication1\main.cpp(105): warning C4101: “time”: 未引用的局部变量
     1>c:\vs2012\consoleapplication1\c语言\consoleapplication1\main.cpp(105): warning C4101: “endtime”: 未引用的局部变量
     1>c:\vs2012\consoleapplication1\c语言\consoleapplication1\main.cpp(136): warning C4996: 'scanf': This function or variable may be unsafe. Consider using scanf_s instead. To disable deprecation, use _CRT_SECURE_NO_WARNINGS. See online help for details.
                 c:\vs2012\vc\include\stdio.h(290) : 参见“scanf”的声明
     1>c:\vs2012\consoleapplication1\c语言\consoleapplication1\main.cpp(148): warning C4996: 'scanf': This function or variable may be unsafe. Consider using scanf_s instead. To disable deprecation, use _CRT_SECURE_NO_WARNINGS. See online help for details.
                 c:\vs2012\vc\include\stdio.h(290) : 参见“scanf”的声明
     1>c:\vs2012\consoleapplication1\c语言\consoleapplication1\main.cpp(127): warning C4101: “starttime”: 未引用的局部变量
     1>c:\vs2012\consoleapplication1\c语言\consoleapplication1\main.cpp(127): warning C4101: “time”: 未引用的局部变量
     1>c:\vs2012\consoleapplication1\c语言\consoleapplication1\main.cpp(126): warning C4101: “infix”: 未引用的局部变量
     1>c:\vs2012\consoleapplication1\c语言\consoleapplication1\main.cpp(127): warning C4101: “endtime”: 未引用的局部变量
       Link:
         C:\vs2012\VC\bin\link.exe /ERRORREPORT:PROMPT /OUT:"C:\vs2012\ConsoleApplication1\C语言\ConsoleApplication1\Debug\ConsoleApplication1.exe" /INCREMENTAL /NOLOGO kernel32.lib user32.lib gdi32.lib winspool.lib comdlg32.lib advapi32.lib shell32.lib ole32.lib oleaut32.lib uuid.lib odbc32.lib odbccp32.lib /MANIFEST /MANIFESTUAC:"level='asInvoker' uiAccess='false'" /manifest:embed /DEBUG /PDB:"C:\vs2012\ConsoleApplication1\C语言\ConsoleApplication1\Debug\ConsoleApplication1.pdb" /SUBSYSTEM:CONSOLE /TLBID:1 /DYNAMICBASE /NXCOMPAT /IMPLIB:"C:\vs2012\ConsoleApplication1\C语言\ConsoleApplication1\Debug\ConsoleApplication1.lib" /MACHINE:X86 Debug\calculate.obj
         Debug\calvalue.obj
         Debug\convert.obj
         Debug\JudgeForm.obj
         Debug\main.obj
         Debug\stack.obj
         ConsoleApplication1.vcxproj -> C:\vs2012\ConsoleApplication1\C语言\ConsoleApplication1\Debug\ConsoleApplication1.exe
     1>已完成生成项目“C:\vs2012\ConsoleApplication1\C语言\ConsoleApplication1\ConsoleApplication1.vcxproj”(Build 个目标)的操作。

生成成功。

已用时间 00:00:00.79
